\BOOKMARK [-1][-]{part.1}{\376\377\000I\000\040\000I\000n\000t\000r\000o\000d\000u\000c\000t\000i\000o\000n}{}% 1
\BOOKMARK [0][-]{chapter.1}{\376\377\000H\000i\000s\000t\000o\000r\000y\000\040\000o\000f\000\040\000T\000o\000m\000b\000\040\000R\000a\000i\000d\000e\000r\000\040\000L\000e\000v\000e\000l\000\040\000E\000d\000i\000t\000o\000r\000s}{part.1}% 2
\BOOKMARK [1][-]{section.1.1}{\376\377\000B\000a\000c\000k\000\040\000t\000o\000\040\0002\0000\0000\0000\000:\000\040\000T\000o\000m\000b\000\040\000R\000a\000i\000d\000e\000r\000\040\000L\000e\000v\000e\000l\000\040\000E\000d\000i\000t\000o\000r\000\040}{chapter.1}% 3
\BOOKMARK [1][-]{section.1.2}{\376\377\000P\000a\000o\000l\000o\000n\000e\000'\000s\000\040\000N\000e\000x\000t\000\040\000G\000e\000n\000e\000r\000a\000t\000i\000o\000n\000\040\000L\000e\000v\000e\000l\000\040\000E\000d\000i\000t\000o\000r\000\040\000\040}{chapter.1}% 4
\BOOKMARK [1][-]{section.1.3}{\376\377\000M\000o\000n\000t\000y\000T\000R\000C\0008\0009\000'\000s\000\040\000T\000o\000m\000b\000\040\000E\000d\000i\000t\000o\000r}{chapter.1}% 5
\BOOKMARK [-1][-]{part.2}{\376\377\000I\000I\000\040\000G\000e\000t\000t\000i\000n\000g\000\040\000s\000t\000a\000r\000t\000e\000d}{}% 6
\BOOKMARK [0][-]{chapter.2}{\376\377\000I\000n\000s\000t\000a\000l\000l\000i\000n\000g\000\040\000T\000o\000m\000b\000\040\000E\000d\000i\000t\000o\000r}{part.2}% 7
\BOOKMARK [0][-]{chapter.3}{\376\377\000S\000t\000a\000r\000t\000i\000n\000g\000\040\000a\000\040\000n\000e\000w\000\040\000p\000r\000o\000j\000e\000c\000t}{part.2}% 8
\BOOKMARK [0][-]{chapter.4}{\376\377\000W\000h\000a\000t\000\040\000i\000s\000\040\000a\000\040\000l\000e\000v\000e\000l\000?}{part.2}% 9
\BOOKMARK [1][-]{section.4.1}{\376\377\000L\000e\000v\000e\000l\000\040\000m\000a\000p}{chapter.4}% 10
\BOOKMARK [1][-]{section.4.2}{\376\377\000P\000l\000a\000y\000a\000b\000l\000e\000\040\000l\000e\000v\000e\000l}{chapter.4}% 11
\BOOKMARK [1][-]{section.4.3}{\376\377\000C\000r\000u\000c\000i\000a\000l\000\040\000a\000t\000t\000a\000c\000h\000m\000e\000n\000t\000s}{chapter.4}% 12
\BOOKMARK [2][-]{subsection.4.3.1}{\376\377\000I\000t\000e\000m\000\040\000f\000i\000l\000e\000s}{section.4.3}% 13
\BOOKMARK [2][-]{subsection.4.3.2}{\376\377\000T\000e\000x\000t\000u\000r\000e\000\040\000f\000i\000l\000e\000s}{section.4.3}% 14
\BOOKMARK [2][-]{subsection.4.3.3}{\376\377\000S\000o\000u\000n\000d\000\040\000f\000i\000l\000e\000s\000\040\000a\000n\000d\000\040\000t\000h\000e\000i\000r\000\040\000c\000a\000t\000a\000l\000o\000g\000\040\000f\000i\000l\000e\000s}{section.4.3}% 15
\BOOKMARK [2][-]{subsection.4.3.4}{\376\377\000L\000e\000v\000e\000l\000\040\000s\000c\000r\000i\000p\000t}{section.4.3}% 16
\BOOKMARK [1][-]{section.4.4}{\376\377\000C\000o\000n\000c\000l\000u\000s\000i\000o\000n}{chapter.4}% 17
\BOOKMARK [-1][-]{part.3}{\376\377\000I\000I\000I\000\040\000P\000r\000i\000n\000c\000i\000p\000l\000e\000s\000\040\000o\000f\000\040\000g\000a\000m\000e\000\040\000d\000e\000v\000e\000l\000o\000p\000m\000e\000n\000t}{}% 18
\BOOKMARK [0][-]{chapter.5}{\376\377\000B\000e\000t\000a\000\040\000t\000e\000s\000t\000i\000n\000g}{part.3}% 19
\BOOKMARK [1][-]{section.5.1}{\376\377\000I\000n\000\040\000G\000e\000n\000e\000r\000a\000l}{chapter.5}% 20
\BOOKMARK [1][-]{section.5.2}{\376\377\000A\000l\000p\000h\000a\000\040\000T\000e\000s\000t\000i\000n\000g}{chapter.5}% 21
